<?xml version="1.0" encoding="UTF-8"?>
<testng-results skipped="0" failed="1" total="2" passed="1">
  <reporter-output>
  </reporter-output>
  <suite name="Default suite" duration-ms="51524" started-at="2017-11-14T10:58:50Z" finished-at="2017-11-14T10:59:41Z">
    <groups>
    </groups>
    <test name="Default test" duration-ms="51524" started-at="2017-11-14T10:58:50Z" finished-at="2017-11-14T10:59:41Z">
      <class name="Bingo_Core_SUITE.LoginPop_UpBox">
        <test-method status="PASS" signature="initLogs()[pri:0, instance:Bingo_Core_SUITE.LoginPop_UpBox@40e6dfe1]" name="initLogs" is-config="true" duration-ms="9" started-at="2017-11-14T10:58:50Z" finished-at="2017-11-14T10:58:50Z">
          <reporter-output>
          </reporter-output>
        </test-method> <!-- initLogs -->
        <test-method status="PASS" signature="LoginPop_upBoxtest()[pri:0, instance:Bingo_Core_SUITE.LoginPop_UpBox@40e6dfe1]" name="LoginPop_upBoxtest" duration-ms="31255" started-at="2017-11-14T10:58:50Z" finished-at="2017-11-14T10:59:21Z">
          <reporter-output>
          </reporter-output>
        </test-method> <!-- LoginPop_upBoxtest -->
        <test-method status="PASS" signature="close()[pri:0, instance:Bingo_Core_SUITE.LoginPop_UpBox@40e6dfe1]" name="close" is-config="true" duration-ms="382" started-at="2017-11-14T10:59:21Z" finished-at="2017-11-14T10:59:21Z">
          <reporter-output>
          </reporter-output>
        </test-method> <!-- close -->
        <test-method status="FAIL" signature="loginPop_UpBox_JoinNowtest()[pri:0, instance:Bingo_Core_SUITE.LoginPop_UpBox@40e6dfe1]" name="loginPop_UpBox_JoinNowtest" duration-ms="19819" started-at="2017-11-14T10:59:21Z" finished-at="2017-11-14T10:59:41Z">
          <exception class="java.lang.AssertionError">
            <message>
              <![CDATA[expected [https://bingo.vernons.com/register] but found [https://bingo.qa.vernons.com/register]]]>
            </message>
            <full-stacktrace>
              <![CDATA[java.lang.AssertionError: expected [https://bingo.vernons.com/register] but found [https://bingo.qa.vernons.com/register]
	at org.testng.Assert.fail(Assert.java:94)
	at org.testng.Assert.failNotEquals(Assert.java:494)
	at org.testng.Assert.assertEquals(Assert.java:123)
	at org.testng.Assert.assertEquals(Assert.java:176)
	at org.testng.Assert.assertEquals(Assert.java:186)
	at Bingo_Core_SUITE.LoginPop_UpBox.loginPop_UpBox_JoinNowtest(LoginPop_UpBox.java:58)
	at sun.reflect.NativeMethodAccessorImpl.invoke0(Native Method)
	at sun.reflect.NativeMethodAccessorImpl.invoke(NativeMethodAccessorImpl.java:62)
	at sun.reflect.DelegatingMethodAccessorImpl.invoke(DelegatingMethodAccessorImpl.java:43)
	at java.lang.reflect.Method.invoke(Method.java:498)
	at org.testng.internal.MethodInvocationHelper.invokeMethod(MethodInvocationHelper.java:85)
	at org.testng.internal.Invoker.invokeMethod(Invoker.java:696)
	at org.testng.internal.Invoker.invokeTestMethod(Invoker.java:882)
	at org.testng.internal.Invoker.invokeTestMethods(Invoker.java:1189)
	at org.testng.internal.TestMethodWorker.invokeTestMethods(TestMethodWorker.java:124)
	at org.testng.internal.TestMethodWorker.run(TestMethodWorker.java:108)
	at org.testng.TestRunner.privateRun(TestRunner.java:767)
	at org.testng.TestRunner.run(TestRunner.java:617)
	at org.testng.SuiteRunner.runTest(SuiteRunner.java:348)
	at org.testng.SuiteRunner.runSequentially(SuiteRunner.java:343)
	at org.testng.SuiteRunner.privateRun(SuiteRunner.java:305)
	at org.testng.SuiteRunner.run(SuiteRunner.java:254)
	at org.testng.SuiteRunnerWorker.runSuite(SuiteRunnerWorker.java:52)
	at org.testng.SuiteRunnerWorker.run(SuiteRunnerWorker.java:86)
	at org.testng.TestNG.runSuitesSequentially(TestNG.java:1224)
	at org.testng.TestNG.runSuitesLocally(TestNG.java:1149)
	at org.testng.TestNG.run(TestNG.java:1057)
	at org.testng.remote.AbstractRemoteTestNG.run(AbstractRemoteTestNG.java:132)
	at org.testng.remote.RemoteTestNG.initAndRun(RemoteTestNG.java:236)
	at org.testng.remote.RemoteTestNG.main(RemoteTestNG.java:81)
]]>
            </full-stacktrace>
          </exception> <!-- java.lang.AssertionError -->
          <reporter-output>
          </reporter-output>
        </test-method> <!-- loginPop_UpBox_JoinNowtest -->
        <test-method status="PASS" signature="close()[pri:0, instance:Bingo_Core_SUITE.LoginPop_UpBox@40e6dfe1]" name="close" is-config="true" duration-ms="35" started-at="2017-11-14T10:59:41Z" finished-at="2017-11-14T10:59:41Z">
          <reporter-output>
          </reporter-output>
        </test-method> <!-- close -->
      </class> <!-- Bingo_Core_SUITE.LoginPop_UpBox -->
    </test> <!-- Default test -->
  </suite> <!-- Default suite -->
</testng-results>
