<html>
<head>
<title>TestNG:  ForgottenDetailsTest</title>
<link href="../testng.css" rel="stylesheet" type="text/css" />
<link href="../my-testng.css" rel="stylesheet" type="text/css" />

<style type="text/css">
.log { display: none;} 
.stack-trace { display: none;} 
</style>
<script type="text/javascript">
<!--
function flip(e) {
  current = e.style.display;
  if (current == 'block') {
    e.style.display = 'none';
    return 0;
  }
  else {
    e.style.display = 'block';
    return 1;
  }
}

function toggleBox(szDivId, elem, msg1, msg2)
{
  var res = -1;  if (document.getElementById) {
    res = flip(document.getElementById(szDivId));
  }
  else if (document.all) {
    // this is the way old msie versions work
    res = flip(document.all[szDivId]);
  }
  if(elem) {
    if(res == 0) elem.innerHTML = msg1; else elem.innerHTML = msg2;
  }

}

function toggleAllBoxes() {
  if (document.getElementsByTagName) {
    d = document.getElementsByTagName('div');
    for (i = 0; i < d.length; i++) {
      if (d[i].className == 'log') {
        flip(d[i]);
      }
    }
  }
}

// -->
</script>

</head>
<body>
<h2 align='center'>ForgottenDetailsTest</h2><table border='1' align="center">
<tr>
<td>Tests passed/Failed/Skipped:</td><td>7/4/0</td>
</tr><tr>
<td>Started on:</td><td>Mon Apr 03 15:51:12 BST 2017</td>
</tr>
<tr><td>Total time:</td><td>453 seconds (453897 ms)</td>
</tr><tr>
<td>Included groups:</td><td></td>
</tr><tr>
<td>Excluded groups:</td><td></td>
</tr>
</table><p/>
<small><i>(Hover the method name to see the test class name)</i></small><p/>
<table width='100%' border='1' class='invocation-failed'>
<tr><td colspan='4' align='center'><b>FAILED TESTS</b></td></tr>
<tr><td><b>Test method</b></td>
<td width="30%"><b>Exception</b></td>
<td width="10%"><b>Time (seconds)</b></td>
<td><b>Instance</b></td>
</tr>
<tr>
<td title='Bingo_Core_SUITE.ForgottenDetailsTest.ForgottenDetailstest()'><b>ForgottenDetailstest</b><br>Test class: Bingo_Core_SUITE.ForgottenDetailsTest<br>Parameters: {NewPassword=1.2345678E7, Username=netplay258, Result=Correct, Runmode=Y, Email=test@playtech.com, Expected_Result=FAILURE, ConfirmPasswordR=1.2345678E7, month=9.0, year=1980.0, day=3.0, Browser=Mozilla}</td>
<td><div><pre>java.lang.AssertionError: Element not found - forgottenDetails_ResetPassword_NewPassword_xpath
	at Base.TestBase.input(TestBase.java:218)
	at Bingo_Core_SUITE.ForgottenDetailsTest.ForgottenDetailstest(ForgottenDetailsTest.java:97)
... Removed 25 stack frames</pre></div><a href='#' onClick='toggleBox("stack-trace1043317832", this, "Click to show all stack frames", "Click to hide stack frames")'>Click to show all stack frames</a>
<div class='stack-trace' id='stack-trace1043317832'><pre>java.lang.AssertionError: Element not found - forgottenDetails_ResetPassword_NewPassword_xpath
	at org.testng.Assert.fail(Assert.java:94)
	at Base.TestBase.input(TestBase.java:218)
	at Bingo_Core_SUITE.ForgottenDetailsTest.ForgottenDetailstest(ForgottenDetailsTest.java:97)
	at sun.reflect.NativeMethodAccessorImpl.invoke0(Native Method)
	at sun.reflect.NativeMethodAccessorImpl.invoke(NativeMethodAccessorImpl.java:62)
	at sun.reflect.DelegatingMethodAccessorImpl.invoke(DelegatingMethodAccessorImpl.java:43)
	at java.lang.reflect.Method.invoke(Method.java:498)
	at org.testng.internal.MethodInvocationHelper.invokeMethod(MethodInvocationHelper.java:85)
	at org.testng.internal.Invoker.invokeMethod(Invoker.java:696)
	at org.testng.internal.Invoker.invokeTestMethod(Invoker.java:882)
	at org.testng.internal.Invoker.invokeTestMethods(Invoker.java:1189)
	at org.testng.internal.TestMethodWorker.invokeTestMethods(TestMethodWorker.java:124)
	at org.testng.internal.TestMethodWorker.run(TestMethodWorker.java:108)
	at org.testng.TestRunner.privateRun(TestRunner.java:767)
	at org.testng.TestRunner.run(TestRunner.java:617)
	at org.testng.SuiteRunner.runTest(SuiteRunner.java:348)
	at org.testng.SuiteRunner.runSequentially(SuiteRunner.java:343)
	at org.testng.SuiteRunner.privateRun(SuiteRunner.java:305)
	at org.testng.SuiteRunner.run(SuiteRunner.java:254)
	at org.testng.SuiteRunnerWorker.runSuite(SuiteRunnerWorker.java:52)
	at org.testng.SuiteRunnerWorker.run(SuiteRunnerWorker.java:86)
	at org.testng.TestNG.runSuitesSequentially(TestNG.java:1224)
	at org.testng.TestNG.runSuitesLocally(TestNG.java:1149)
	at org.testng.TestNG.run(TestNG.java:1057)
	at org.testng.remote.AbstractRemoteTestNG.run(AbstractRemoteTestNG.java:132)
	at org.testng.remote.RemoteTestNG.initAndRun(RemoteTestNG.java:236)
	at org.testng.remote.RemoteTestNG.main(RemoteTestNG.java:81)
</pre></div></td>
<td>47</td>
<td>Bingo_Core_SUITE.ForgottenDetailsTest@51c8530f</td></tr>
<tr>
<td title='Bingo_Core_SUITE.ForgottenDetailsTest.ForgottenDetailstest()'><b>ForgottenDetailstest</b><br>Test class: Bingo_Core_SUITE.ForgottenDetailsTest<br>Parameters: {NewPassword=bola123, Username=netplay258, Result=Correct, Runmode=Y, Email=test@playtech.com, Expected_Result=FAILURE, ConfirmPasswordR=bola123, month=9.0, year=1980.0, day=3.0, Browser=Mozilla}</td>
<td><div><pre>java.lang.AssertionError: Element not found - forgottenDetails_ResetPassword_NewPassword_xpath
	at Base.TestBase.input(TestBase.java:218)
	at Bingo_Core_SUITE.ForgottenDetailsTest.ForgottenDetailstest(ForgottenDetailsTest.java:97)
... Removed 25 stack frames</pre></div><a href='#' onClick='toggleBox("stack-trace2111247080", this, "Click to show all stack frames", "Click to hide stack frames")'>Click to show all stack frames</a>
<div class='stack-trace' id='stack-trace2111247080'><pre>java.lang.AssertionError: Element not found - forgottenDetails_ResetPassword_NewPassword_xpath
	at org.testng.Assert.fail(Assert.java:94)
	at Base.TestBase.input(TestBase.java:218)
	at Bingo_Core_SUITE.ForgottenDetailsTest.ForgottenDetailstest(ForgottenDetailsTest.java:97)
	at sun.reflect.NativeMethodAccessorImpl.invoke0(Native Method)
	at sun.reflect.NativeMethodAccessorImpl.invoke(NativeMethodAccessorImpl.java:62)
	at sun.reflect.DelegatingMethodAccessorImpl.invoke(DelegatingMethodAccessorImpl.java:43)
	at java.lang.reflect.Method.invoke(Method.java:498)
	at org.testng.internal.MethodInvocationHelper.invokeMethod(MethodInvocationHelper.java:85)
	at org.testng.internal.Invoker.invokeMethod(Invoker.java:696)
	at org.testng.internal.Invoker.invokeTestMethod(Invoker.java:882)
	at org.testng.internal.Invoker.invokeTestMethods(Invoker.java:1189)
	at org.testng.internal.TestMethodWorker.invokeTestMethods(TestMethodWorker.java:124)
	at org.testng.internal.TestMethodWorker.run(TestMethodWorker.java:108)
	at org.testng.TestRunner.privateRun(TestRunner.java:767)
	at org.testng.TestRunner.run(TestRunner.java:617)
	at org.testng.SuiteRunner.runTest(SuiteRunner.java:348)
	at org.testng.SuiteRunner.runSequentially(SuiteRunner.java:343)
	at org.testng.SuiteRunner.privateRun(SuiteRunner.java:305)
	at org.testng.SuiteRunner.run(SuiteRunner.java:254)
	at org.testng.SuiteRunnerWorker.runSuite(SuiteRunnerWorker.java:52)
	at org.testng.SuiteRunnerWorker.run(SuiteRunnerWorker.java:86)
	at org.testng.TestNG.runSuitesSequentially(TestNG.java:1224)
	at org.testng.TestNG.runSuitesLocally(TestNG.java:1149)
	at org.testng.TestNG.run(TestNG.java:1057)
	at org.testng.remote.AbstractRemoteTestNG.run(AbstractRemoteTestNG.java:132)
	at org.testng.remote.RemoteTestNG.initAndRun(RemoteTestNG.java:236)
	at org.testng.remote.RemoteTestNG.main(RemoteTestNG.java:81)
</pre></div></td>
<td>52</td>
<td>Bingo_Core_SUITE.ForgottenDetailsTest@51c8530f</td></tr>
<tr>
<td title='Bingo_Core_SUITE.ForgottenDetailsTest.ForgottenDetailstest()'><b>ForgottenDetailstest</b><br>Test class: Bingo_Core_SUITE.ForgottenDetailsTest<br>Parameters: {NewPassword=bola1£1, Username=netplay258, Result=Correct, Runmode=Y, Email=test@playtech.com, Expected_Result=FAILURE, ConfirmPasswordR=bola1£1, month=9.0, year=1980.0, day=3.0, Browser=Mozilla}</td>
<td><div><pre>java.lang.AssertionError: Element not found - forgottenDetails_ResetPassword_NewPassword_xpath
	at Base.TestBase.input(TestBase.java:218)
	at Bingo_Core_SUITE.ForgottenDetailsTest.ForgottenDetailstest(ForgottenDetailsTest.java:97)
... Removed 25 stack frames</pre></div><a href='#' onClick='toggleBox("stack-trace309060377", this, "Click to show all stack frames", "Click to hide stack frames")'>Click to show all stack frames</a>
<div class='stack-trace' id='stack-trace309060377'><pre>java.lang.AssertionError: Element not found - forgottenDetails_ResetPassword_NewPassword_xpath
	at org.testng.Assert.fail(Assert.java:94)
	at Base.TestBase.input(TestBase.java:218)
	at Bingo_Core_SUITE.ForgottenDetailsTest.ForgottenDetailstest(ForgottenDetailsTest.java:97)
	at sun.reflect.NativeMethodAccessorImpl.invoke0(Native Method)
	at sun.reflect.NativeMethodAccessorImpl.invoke(NativeMethodAccessorImpl.java:62)
	at sun.reflect.DelegatingMethodAccessorImpl.invoke(DelegatingMethodAccessorImpl.java:43)
	at java.lang.reflect.Method.invoke(Method.java:498)
	at org.testng.internal.MethodInvocationHelper.invokeMethod(MethodInvocationHelper.java:85)
	at org.testng.internal.Invoker.invokeMethod(Invoker.java:696)
	at org.testng.internal.Invoker.invokeTestMethod(Invoker.java:882)
	at org.testng.internal.Invoker.invokeTestMethods(Invoker.java:1189)
	at org.testng.internal.TestMethodWorker.invokeTestMethods(TestMethodWorker.java:124)
	at org.testng.internal.TestMethodWorker.run(TestMethodWorker.java:108)
	at org.testng.TestRunner.privateRun(TestRunner.java:767)
	at org.testng.TestRunner.run(TestRunner.java:617)
	at org.testng.SuiteRunner.runTest(SuiteRunner.java:348)
	at org.testng.SuiteRunner.runSequentially(SuiteRunner.java:343)
	at org.testng.SuiteRunner.privateRun(SuiteRunner.java:305)
	at org.testng.SuiteRunner.run(SuiteRunner.java:254)
	at org.testng.SuiteRunnerWorker.runSuite(SuiteRunnerWorker.java:52)
	at org.testng.SuiteRunnerWorker.run(SuiteRunnerWorker.java:86)
	at org.testng.TestNG.runSuitesSequentially(TestNG.java:1224)
	at org.testng.TestNG.runSuitesLocally(TestNG.java:1149)
	at org.testng.TestNG.run(TestNG.java:1057)
	at org.testng.remote.AbstractRemoteTestNG.run(AbstractRemoteTestNG.java:132)
	at org.testng.remote.RemoteTestNG.initAndRun(RemoteTestNG.java:236)
	at org.testng.remote.RemoteTestNG.main(RemoteTestNG.java:81)
</pre></div></td>
<td>47</td>
<td>Bingo_Core_SUITE.ForgottenDetailsTest@51c8530f</td></tr>
<tr>
<td title='Bingo_Core_SUITE.ForgottenDetailsTest.ForgottenDetailstest()'><b>ForgottenDetailstest</b><br>Test class: Bingo_Core_SUITE.ForgottenDetailsTest<br>Parameters: {NewPassword=Bola123$%^, Username=netplay258, Result=Correct, Runmode=Y, Email=test@playtech.com, Expected_Result=, ConfirmPasswordR=Bola123$%^, month=9.0, year=1980.0, day=3.0, Browser=Mozilla}</td>
<td><div><pre>java.lang.AssertionError: Element not found - forgottenDetails_ResetPassword_NewPassword_xpath
	at Base.TestBase.input(TestBase.java:218)
	at Bingo_Core_SUITE.ForgottenDetailsTest.ForgottenDetailstest(ForgottenDetailsTest.java:97)
... Removed 25 stack frames</pre></div><a href='#' onClick='toggleBox("stack-trace1691858720", this, "Click to show all stack frames", "Click to hide stack frames")'>Click to show all stack frames</a>
<div class='stack-trace' id='stack-trace1691858720'><pre>java.lang.AssertionError: Element not found - forgottenDetails_ResetPassword_NewPassword_xpath
	at org.testng.Assert.fail(Assert.java:94)
	at Base.TestBase.input(TestBase.java:218)
	at Bingo_Core_SUITE.ForgottenDetailsTest.ForgottenDetailstest(ForgottenDetailsTest.java:97)
	at sun.reflect.NativeMethodAccessorImpl.invoke0(Native Method)
	at sun.reflect.NativeMethodAccessorImpl.invoke(NativeMethodAccessorImpl.java:62)
	at sun.reflect.DelegatingMethodAccessorImpl.invoke(DelegatingMethodAccessorImpl.java:43)
	at java.lang.reflect.Method.invoke(Method.java:498)
	at org.testng.internal.MethodInvocationHelper.invokeMethod(MethodInvocationHelper.java:85)
	at org.testng.internal.Invoker.invokeMethod(Invoker.java:696)
	at org.testng.internal.Invoker.invokeTestMethod(Invoker.java:882)
	at org.testng.internal.Invoker.invokeTestMethods(Invoker.java:1189)
	at org.testng.internal.TestMethodWorker.invokeTestMethods(TestMethodWorker.java:124)
	at org.testng.internal.TestMethodWorker.run(TestMethodWorker.java:108)
	at org.testng.TestRunner.privateRun(TestRunner.java:767)
	at org.testng.TestRunner.run(TestRunner.java:617)
	at org.testng.SuiteRunner.runTest(SuiteRunner.java:348)
	at org.testng.SuiteRunner.runSequentially(SuiteRunner.java:343)
	at org.testng.SuiteRunner.privateRun(SuiteRunner.java:305)
	at org.testng.SuiteRunner.run(SuiteRunner.java:254)
	at org.testng.SuiteRunnerWorker.runSuite(SuiteRunnerWorker.java:52)
	at org.testng.SuiteRunnerWorker.run(SuiteRunnerWorker.java:86)
	at org.testng.TestNG.runSuitesSequentially(TestNG.java:1224)
	at org.testng.TestNG.runSuitesLocally(TestNG.java:1149)
	at org.testng.TestNG.run(TestNG.java:1057)
	at org.testng.remote.AbstractRemoteTestNG.run(AbstractRemoteTestNG.java:132)
	at org.testng.remote.RemoteTestNG.initAndRun(RemoteTestNG.java:236)
	at org.testng.remote.RemoteTestNG.main(RemoteTestNG.java:81)
</pre></div></td>
<td>47</td>
<td>Bingo_Core_SUITE.ForgottenDetailsTest@51c8530f</td></tr>
</table><p>
<table width='100%' border='1' class='invocation-passed'>
<tr><td colspan='4' align='center'><b>PASSED TESTS</b></td></tr>
<tr><td><b>Test method</b></td>
<td width="30%"><b>Exception</b></td>
<td width="10%"><b>Time (seconds)</b></td>
<td><b>Instance</b></td>
</tr>
<tr>
<td title='Bingo_Core_SUITE.ForgottenDetailsTest.ForgottenDetailstest()'><b>ForgottenDetailstest</b><br>Test class: Bingo_Core_SUITE.ForgottenDetailsTest<br>Parameters: {NewPassword=bola1231, Username=manggee, Result=Incorrect, Runmode=Y, Email=test@playtech.com, Expected_Result=FAILURE, ConfirmPasswordR=bola1234, month=9.0, year=1990.0, day=2.0, Browser=Chrome}</td>
<td></td>
<td>36</td>
<td>Bingo_Core_SUITE.ForgottenDetailsTest@51c8530f</td></tr>
<tr>
<td title='Bingo_Core_SUITE.ForgottenDetailsTest.ForgottenDetailstest()'><b>ForgottenDetailstest</b><br>Test class: Bingo_Core_SUITE.ForgottenDetailsTest<br>Parameters: {NewPassword=bola1234, Username=Nobelbug11, Result=Incorrect, Runmode=Y, Email=testplay.com, Expected_Result=FAILURE, ConfirmPasswordR=bola1234, month=8.0, year=1990.0, day=7.0, Browser=Mozilla}</td>
<td></td>
<td>30</td>
<td>Bingo_Core_SUITE.ForgottenDetailsTest@51c8530f</td></tr>
<tr>
<td title='Bingo_Core_SUITE.ForgottenDetailsTest.ForgottenDetailstest()'><b>ForgottenDetailstest</b><br>Test class: Bingo_Core_SUITE.ForgottenDetailsTest<br>Parameters: {NewPassword=, Username=, Result=Incorrect, Runmode=Y, Email=test@playtech.com, Expected_Result=FAILURE, ConfirmPasswordR=bola1234, month=0.0, year=1980.0, day=2.0, Browser=Chrome}</td>
<td></td>
<td>32</td>
<td>Bingo_Core_SUITE.ForgottenDetailsTest@51c8530f</td></tr>
<tr>
<td title='Bingo_Core_SUITE.ForgottenDetailsTest.ForgottenDetailstest()'><b>ForgottenDetailstest</b><br>Test class: Bingo_Core_SUITE.ForgottenDetailsTest<br>Parameters: {NewPassword=bola1240, Username=H, Result=Incorrect, Runmode=Y, Email=test@playtech.com, Expected_Result=FAILURE, ConfirmPasswordR=, month=7.0, year=1990.0, day=7.0, Browser=Mozilla}</td>
<td></td>
<td>36</td>
<td>Bingo_Core_SUITE.ForgottenDetailsTest@51c8530f</td></tr>
<tr>
<td title='Bingo_Core_SUITE.ForgottenDetailsTest.ForgottenDetailstest()'><b>ForgottenDetailstest</b><br>Test class: Bingo_Core_SUITE.ForgottenDetailsTest<br>Parameters: {NewPassword=bolabola123$%^, Username=, Result=Incorrect, Runmode=Y, Email=test@playtech.com, Expected_Result=FAILURE, ConfirmPasswordR=bolabola123$%^, month=9.0, year=1981.0, day=3.0, Browser=Mozilla}</td>
<td></td>
<td>35</td>
<td>Bingo_Core_SUITE.ForgottenDetailsTest@51c8530f</td></tr>
<tr>
<td title='Bingo_Core_SUITE.ForgottenDetailsTest.ForgottenDetailstest()'><b>ForgottenDetailstest</b><br>Test class: Bingo_Core_SUITE.ForgottenDetailsTest<br>Parameters: {NewPassword=ADGETYUYYYYA, Username=netplay258, Result=Correct, Runmode=Y, Email=test@playtech.com, Expected_Result=FAILURE, ConfirmPasswordR=ADGETYUYYYYA, month=9.0, year=1980.0, day=3.0, Browser=Mozilla}</td>
<td></td>
<td>41</td>
<td>Bingo_Core_SUITE.ForgottenDetailsTest@51c8530f</td></tr>
<tr>
<td title='Bingo_Core_SUITE.ForgottenDetailsTest.ForgottenDetailstest()'><b>ForgottenDetailstest</b><br>Test class: Bingo_Core_SUITE.ForgottenDetailsTest<br>Parameters: {NewPassword=bolabola, Username=netplay258, Result=Correct, Runmode=Y, Email=test@playtech.com, Expected_Result=FAILURE, ConfirmPasswordR=bolabola, month=9.0, year=1980.0, day=3.0, Browser=Mozilla}</td>
<td></td>
<td>42</td>
<td>Bingo_Core_SUITE.ForgottenDetailsTest@51c8530f</td></tr>
</table><p>
</body>
</html>