<?xml version="1.0" encoding="UTF-8"?>
<!-- Generated by org.testng.reporters.JUnitXMLReporter -->
<testsuite hostname="NP-SADEKUNLE" name="AccountTest" tests="1" failures="1" timestamp="24 Mar 2017 10:36:18 GMT" time="60.067" errors="0">
  <testcase name="AccountMenutest" time="59.646" classname="Cashier.AccountTest">
    <failure type="java.lang.AssertionError" message="Element not found - cashier_closeIcon_xpath">
      <![CDATA[java.lang.AssertionError: Element not found - cashier_closeIcon_xpath
	at Base.TestBase.click(TestBase.java:177)
	at Cashier.AccountTest.AccountMenutest(AccountTest.java:64)
... Removed 26 stack frames]]>
    </failure>
  </testcase> <!-- AccountMenutest -->
</testsuite> <!-- AccountTest -->
